# JRE version: OpenJDK Runtime Environment 21.3 (16.0.1+9) (build 16.0.1+9)
# Java VM: OpenJDK 64-Bit Server VM 21.3 (16.0.1+9, mixed mode, sharing, tiered, compressed oops, compressed class ptrs, serial gc, linux-amd64)
GC Precious Log:
 CPUs: 1 total, 1 available
 Memory: 1837M
 Large Page Support: Disabled
 NUMA Support: Disabled
 Compressed Oops: Enabled (32-bit)
 Heap Min Capacity: 1G
 Heap Initial Capacity: 1G
 Heap Max Capacity: 1536M
 Pre-touch: Disabled
Heap:
 def new generation   total 363904K, used 0K [0x00000000a0000000, 0x00000000b8ad0000, 0x00000000c0000000)
  eden space 323520K,   0% used [0x00000000a0000000, 0x00000000a0000000, 0x00000000b3bf0000)
  from space 40384K,   0% used [0x00000000b6360000, 0x00000000b6360000, 0x00000000b8ad0000)
  to   space 40384K,   0% used [0x00000000b3bf0000, 0x00000000b3bf0000, 0x00000000b6360000)
 tenured generation   total 811956K, used 553358K [0x00000000c0000000, 0x00000000f18ed000, 0x0000000100000000)
   the space 811956K,  68% used [0x00000000c0000000, 0x00000000e1c63af0, 0x00000000e1c63c00, 0x00000000f18ed000)
 Metaspace       used 76285K, committed 76928K, reserved 1122304K
  class space    used 10080K, committed 10368K, reserved 1048576K
GC Heap History (20 events):
Event: 388865.765 GC heap after
{Heap after GC invocations=12711 (full 9):
 def new generation   total 363904K, used 15772K [0x00000000a0000000, 0x00000000b8ad0000, 0x00000000c0000000)
  eden space 323520K,   0% used [0x00000000a0000000, 0x00000000a0000000, 0x00000000b3bf0000)
  from space 40384K,  39% used [0x00000000b3bf0000, 0x00000000b4b572b8, 0x00000000b6360000)
  to   space 40384K,   0% used [0x00000000b6360000, 0x00000000b6360000, 0x00000000b8ad0000)
 tenured generation   total 808500K, used 797664K [0x00000000c0000000, 0x00000000f158d000, 0x0000000100000000)
   the space 808500K,  98% used [0x00000000c0000000, 0x00000000f0af83a0, 0x00000000f0af8400, 0x00000000f158d000)
 Metaspace       used 76284K, committed 76928K, reserved 1122304K
  class space    used 10080K, committed 10368K, reserved 1048576K
}
Event: 388867.597 GC heap before
{Heap before GC invocations=12711 (full 9):
 def new generation   total 363904K, used 339292K [0x00000000a0000000, 0x00000000b8ad0000, 0x00000000c0000000)
  eden space 323520K, 100% used [0x00000000a0000000, 0x00000000b3bf0000, 0x00000000b3bf0000)
  from space 40384K,  39% used [0x00000000b3bf0000, 0x00000000b4b572b8, 0x00000000b6360000)
  to   space 40384K,   0% used [0x00000000b6360000, 0x00000000b6360000, 0x00000000b8ad0000)
 tenured generation   total 808500K, used 797664K [0x00000000c0000000, 0x00000000f158d000, 0x0000000100000000)
   the space 808500K,  98% used [0x00000000c0000000, 0x00000000f0af83a0, 0x00000000f0af8400, 0x00000000f158d000)
 Metaspace       used 76284K, committed 76928K, reserved 1122304K
  class space    used 10080K, committed 10368K, reserved 1048576K
}
Event: 388867.611 GC heap after
{Heap after GC invocations=12712 (full 9):
 def new generation   total 363904K, used 17148K [0x00000000a0000000, 0x00000000b8ad0000, 0x00000000c0000000)
  eden space 323520K,   0% used [0x00000000a0000000, 0x00000000a0000000, 0x00000000b3bf0000)
  from space 40384K,  42% used [0x00000000b6360000, 0x00000000b741f208, 0x00000000b8ad0000)
  to   space 40384K,   0% used [0x00000000b3bf0000, 0x00000000b3bf0000, 0x00000000b6360000)
 tenured generation   total 808500K, used 797842K [0x00000000c0000000, 0x00000000f158d000, 0x0000000100000000)
   the space 808500K,  98% used [0x00000000c0000000, 0x00000000f0b24bb8, 0x00000000f0b24c00, 0x00000000f158d000)
 Metaspace       used 76284K, committed 76928K, reserved 1122304K
  class space    used 10080K, committed 10368K, reserved 1048576K
}
Event: 388870.092 GC heap before
{Heap before GC invocations=12712 (full 9):
 def new generation   total 363904K, used 340668K [0x00000000a0000000, 0x00000000b8ad0000, 0x00000000c0000000)
  eden space 323520K, 100% used [0x00000000a0000000, 0x00000000b3bf0000, 0x00000000b3bf0000)
  from space 40384K,  42% used [0x00000000b6360000, 0x00000000b741f208, 0x00000000b8ad0000)
  to   space 40384K,   0% used [0x00000000b3bf0000, 0x00000000b3bf0000, 0x00000000b6360000)
 tenured generation   total 808500K, used 797842K [0x00000000c0000000, 0x00000000f158d000, 0x0000000100000000)
   the space 808500K,  98% used [0x00000000c0000000, 0x00000000f0b24bb8, 0x00000000f0b24c00, 0x00000000f158d000)
 Metaspace       used 76285K, committed 76928K, reserved 1122304K
  class space    used 10080K, committed 10368K, reserved 1048576K
}
Event: 388870.111 GC heap after
{Heap after GC invocations=12713 (full 9):
 def new generation   total 363904K, used 21416K [0x00000000a0000000, 0x00000000b8ad0000, 0x00000000c0000000)
  eden space 323520K,   0% used [0x00000000a0000000, 0x00000000a0000000, 0x00000000b3bf0000)
  from space 40384K,  53% used [0x00000000b3bf0000, 0x00000000b50da1b0, 0x00000000b6360000)
  to   space 40384K,   0% used [0x00000000b6360000, 0x00000000b6360000, 0x00000000b8ad0000)
 tenured generation   total 808500K, used 797911K [0x00000000c0000000, 0x00000000f158d000, 0x0000000100000000)
   the space 808500K,  98% used [0x00000000c0000000, 0x00000000f0b35ca0, 0x00000000f0b35e00, 0x00000000f158d000)
 Metaspace       used 76285K, committed 76928K, reserved 1122304K
  class space    used 10080K, committed 10368K, reserved 1048576K
}
Event: 388873.243 GC heap before
{Heap before GC invocations=12713 (full 9):
 def new generation   total 363904K, used 344936K [0x00000000a0000000, 0x00000000b8ad0000, 0x00000000c0000000)
  eden space 323520K, 100% used [0x00000000a0000000, 0x00000000b3bf0000, 0x00000000b3bf0000)
  from space 40384K,  53% used [0x00000000b3bf0000, 0x00000000b50da1b0, 0x00000000b6360000)
  to   space 40384K,   0% used [0x00000000b6360000, 0x00000000b6360000, 0x00000000b8ad0000)
 tenured generation   total 808500K, used 797911K [0x00000000c0000000, 0x00000000f158d000, 0x0000000100000000)
   the space 808500K,  98% used [0x00000000c0000000, 0x00000000f0b35ca0, 0x00000000f0b35e00, 0x00000000f158d000)
 Metaspace       used 76285K, committed 76928K, reserved 1122304K
  class space    used 10080K, committed 10368K, reserved 1048576K
}
Event: 388873.260 GC heap after
{Heap after GC invocations=12714 (full 9):
 def new generation   total 363904K, used 20024K [0x00000000a0000000, 0x00000000b8ad0000, 0x00000000c0000000)
  eden space 323520K,   0% used [0x00000000a0000000, 0x00000000a0000000, 0x00000000b3bf0000)
  from space 40384K,  49% used [0x00000000b6360000, 0x00000000b76ee1e8, 0x00000000b8ad0000)
  to   space 40384K,   0% used [0x00000000b3bf0000, 0x00000000b3bf0000, 0x00000000b6360000)
 tenured generation   total 808500K, used 799356K [0x00000000c0000000, 0x00000000f158d000, 0x0000000100000000)
   the space 808500K,  98% used [0x00000000c0000000, 0x00000000f0c9f1b8, 0x00000000f0c9f200, 0x00000000f158d000)
 Metaspace       used 76285K, committed 76928K, reserved 1122304K
  class space    used 10080K, committed 10368K, reserved 1048576K
}
Event: 388876.389 GC heap before
{Heap before GC invocations=12714 (full 9):
 def new generation   total 363904K, used 343544K [0x00000000a0000000, 0x00000000b8ad0000, 0x00000000c0000000)
  eden space 323520K, 100% used [0x00000000a0000000, 0x00000000b3bf0000, 0x00000000b3bf0000)
  from space 40384K,  49% used [0x00000000b6360000, 0x00000000b76ee1e8, 0x00000000b8ad0000)
  to   space 40384K,   0% used [0x00000000b3bf0000, 0x00000000b3bf0000, 0x00000000b6360000)
 tenured generation   total 808500K, used 799356K [0x00000000c0000000, 0x00000000f158d000, 0x0000000100000000)
   the space 808500K,  98% used [0x00000000c0000000, 0x00000000f0c9f1b8, 0x00000000f0c9f200, 0x00000000f158d000)
 Metaspace       used 76285K, committed 76928K, reserved 1122304K
  class space    used 10080K, committed 10368K, reserved 1048576K
}
Event: 388876.404 GC heap after
{Heap after GC invocations=12715 (full 9):
 def new generation   total 363904K, used 20240K [0x00000000a0000000, 0x00000000b8ad0000, 0x00000000c0000000)
  eden space 323520K,   0% used [0x00000000a0000000, 0x00000000a0000000, 0x00000000b3bf0000)
  from space 40384K,  50% used [0x00000000b3bf0000, 0x00000000b4fb4018, 0x00000000b6360000)
  to   space 40384K,   0% used [0x00000000b6360000, 0x00000000b6360000, 0x00000000b8ad0000)
 tenured generation   total 808500K, used 799356K [0x00000000c0000000, 0x00000000f158d000, 0x0000000100000000)
   the space 808500K,  98% used [0x00000000c0000000, 0x00000000f0c9f1b8, 0x00000000f0c9f200, 0x00000000f158d000)
 Metaspace       used 76285K, committed 76928K, reserved 1122304K
  class space    used 10080K, committed 10368K, reserved 1048576K
}
Event: 388879.492 GC heap before
{Heap before GC invocations=12715 (full 9):
 def new generation   total 363904K, used 343760K [0x00000000a0000000, 0x00000000b8ad0000, 0x00000000c0000000)
  eden space 323520K, 100% used [0x00000000a0000000, 0x00000000b3bf0000, 0x00000000b3bf0000)
  from space 40384K,  50% used [0x00000000b3bf0000, 0x00000000b4fb4018, 0x00000000b6360000)
  to   space 40384K,   0% used [0x00000000b6360000, 0x00000000b6360000, 0x00000000b8ad0000)
 tenured generation   total 808500K, used 799356K [0x00000000c0000000, 0x00000000f158d000, 0x0000000100000000)
   the space 808500K,  98% used [0x00000000c0000000, 0x00000000f0c9f1b8, 0x00000000f0c9f200, 0x00000000f158d000)
 Metaspace       used 76285K, committed 76928K, reserved 1122304K
  class space    used 10080K, committed 10368K, reserved 1048576K
}
Event: 388879.512 GC heap after
{Heap after GC invocations=12716 (full 9):
 def new generation   total 363904K, used 19961K [0x00000000a0000000, 0x00000000b8ad0000, 0x00000000c0000000)
  eden space 323520K,   0% used [0x00000000a0000000, 0x00000000a0000000, 0x00000000b3bf0000)
  from space 40384K,  49% used [0x00000000b6360000, 0x00000000b76de728, 0x00000000b8ad0000)
  to   space 40384K,   0% used [0x00000000b3bf0000, 0x00000000b3bf0000, 0x00000000b6360000)
 tenured generation   total 808500K, used 799480K [0x00000000c0000000, 0x00000000f158d000, 0x0000000100000000)
   the space 808500K,  98% used [0x00000000c0000000, 0x00000000f0cbe2e8, 0x00000000f0cbe400, 0x00000000f158d000)
 Metaspace       used 76285K, committed 76928K, reserved 1122304K
  class space    used 10080K, committed 10368K, reserved 1048576K
}
Event: 388882.640 GC heap before
{Heap before GC invocations=12716 (full 9):
 def new generation   total 363904K, used 343481K [0x00000000a0000000, 0x00000000b8ad0000, 0x00000000c0000000)
  eden space 323520K, 100% used [0x00000000a0000000, 0x00000000b3bf0000, 0x00000000b3bf0000)
  from space 40384K,  49% used [0x00000000b6360000, 0x00000000b76de728, 0x00000000b8ad0000)
  to   space 40384K,   0% used [0x00000000b3bf0000, 0x00000000b3bf0000, 0x00000000b6360000)
 tenured generation   total 808500K, used 799480K [0x00000000c0000000, 0x00000000f158d000, 0x0000000100000000)
   the space 808500K,  98% used [0x00000000c0000000, 0x00000000f0cbe2e8, 0x00000000f0cbe400, 0x00000000f158d000)
 Metaspace       used 76285K, committed 76928K, reserved 1122304K
  class space    used 10080K, committed 10368K, reserved 1048576K
}
Event: 388882.655 GC heap after
{Heap after GC invocations=12717 (full 9):
 def new generation   total 363904K, used 20200K [0x00000000a0000000, 0x00000000b8ad0000, 0x00000000c0000000)
  eden space 323520K,   0% used [0x00000000a0000000, 0x00000000a0000000, 0x00000000b3bf0000)
  from space 40384K,  50% used [0x00000000b3bf0000, 0x00000000b4faa360, 0x00000000b6360000)
  to   space 40384K,   0% used [0x00000000b6360000, 0x00000000b6360000, 0x00000000b8ad0000)
 tenured generation   total 808500K, used 799480K [0x00000000c0000000, 0x00000000f158d000, 0x0000000100000000)
   the space 808500K,  98% used [0x00000000c0000000, 0x00000000f0cbe2e8, 0x00000000f0cbe400, 0x00000000f158d000)
 Metaspace       used 76285K, committed 76928K, reserved 1122304K
  class space    used 10080K, committed 10368K, reserved 1048576K
}
Event: 388885.747 GC heap before
{Heap before GC invocations=12717 (full 9):
 def new generation   total 363904K, used 343720K [0x00000000a0000000, 0x00000000b8ad0000, 0x00000000c0000000)
  eden space 323520K, 100% used [0x00000000a0000000, 0x00000000b3bf0000, 0x00000000b3bf0000)
  from space 40384K,  50% used [0x00000000b3bf0000, 0x00000000b4faa360, 0x00000000b6360000)
  to   space 40384K,   0% used [0x00000000b6360000, 0x00000000b6360000, 0x00000000b8ad0000)
 tenured generation   total 808500K, used 799480K [0x00000000c0000000, 0x00000000f158d000, 0x0000000100000000)
   the space 808500K,  98% used [0x00000000c0000000, 0x00000000f0cbe2e8, 0x00000000f0cbe400, 0x00000000f158d000)
 Metaspace       used 76285K, committed 76928K, reserved 1122304K
  class space    used 10080K, committed 10368K, reserved 1048576K
}
Event: 388885.765 GC heap after
{Heap after GC invocations=12718 (full 9):
 def new generation   total 363904K, used 20189K [0x00000000a0000000, 0x00000000b8ad0000, 0x00000000c0000000)
  eden space 323520K,   0% used [0x00000000a0000000, 0x00000000a0000000, 0x00000000b3bf0000)
  from space 40384K,  49% used [0x00000000b6360000, 0x00000000b7717670, 0x00000000b8ad0000)
  to   space 40384K,   0% used [0x00000000b3bf0000, 0x00000000b3bf0000, 0x00000000b6360000)
 tenured generation   total 808500K, used 799905K [0x00000000c0000000, 0x00000000f158d000, 0x0000000100000000)
   the space 808500K,  98% used [0x00000000c0000000, 0x00000000f0d287b8, 0x00000000f0d28800, 0x00000000f158d000)
 Metaspace       used 76285K, committed 76928K, reserved 1122304K
  class space    used 10080K, committed 10368K, reserved 1048576K
}
Event: 388888.784 GC heap before
{Heap before GC invocations=12718 (full 9):
 def new generation   total 363904K, used 343709K [0x00000000a0000000, 0x00000000b8ad0000, 0x00000000c0000000)
  eden space 323520K, 100% used [0x00000000a0000000, 0x00000000b3bf0000, 0x00000000b3bf0000)
  from space 40384K,  49% used [0x00000000b6360000, 0x00000000b7717670, 0x00000000b8ad0000)
  to   space 40384K,   0% used [0x00000000b3bf0000, 0x00000000b3bf0000, 0x00000000b6360000)
 tenured generation   total 808500K, used 799905K [0x00000000c0000000, 0x00000000f158d000, 0x0000000100000000)
   the space 808500K,  98% used [0x00000000c0000000, 0x00000000f0d287b8, 0x00000000f0d28800, 0x00000000f158d000)
 Metaspace       used 76285K, committed 76928K, reserved 1122304K
  class space    used 10080K, committed 10368K, reserved 1048576K
}
Event: 388888.801 GC heap after
{Heap after GC invocations=12719 (full 9):
 def new generation   total 363904K, used 19185K [0x00000000a0000000, 0x00000000b8ad0000, 0x00000000c0000000)
  eden space 323520K,   0% used [0x00000000a0000000, 0x00000000a0000000, 0x00000000b3bf0000)
  from space 40384K,  47% used [0x00000000b3bf0000, 0x00000000b4eac640, 0x00000000b6360000)
  to   space 40384K,   0% used [0x00000000b6360000, 0x00000000b6360000, 0x00000000b8ad0000)
 tenured generation   total 808500K, used 801050K [0x00000000c0000000, 0x00000000f158d000, 0x0000000100000000)
   the space 808500K,  99% used [0x00000000c0000000, 0x00000000f0e46b10, 0x00000000f0e46c00, 0x00000000f158d000)
 Metaspace       used 76285K, committed 76928K, reserved 1122304K
  class space    used 10080K, committed 10368K, reserved 1048576K
}
Event: 388890.446 GC heap before
{Heap before GC invocations=12719 (full 9):
 def new generation   total 363904K, used 342705K [0x00000000a0000000, 0x00000000b8ad0000, 0x00000000c0000000)
  eden space 323520K, 100% used [0x00000000a0000000, 0x00000000b3bf0000, 0x00000000b3bf0000)
  from space 40384K,  47% used [0x00000000b3bf0000, 0x00000000b4eac640, 0x00000000b6360000)
  to   space 40384K,   0% used [0x00000000b6360000, 0x00000000b6360000, 0x00000000b8ad0000)
 tenured generation   total 808500K, used 801050K [0x00000000c0000000, 0x00000000f158d000, 0x0000000100000000)
   the space 808500K,  99% used [0x00000000c0000000, 0x00000000f0e46b10, 0x00000000f0e46c00, 0x00000000f158d000)
 Metaspace       used 76285K, committed 76928K, reserved 1122304K
  class space    used 10080K, committed 10368K, reserved 1048576K
}
Event: 388890.545 GC heap after
{Heap after GC invocations=12720 (full 9):
 def new generation   total 363904K, used 40384K [0x00000000a0000000, 0x00000000b8ad0000, 0x00000000c0000000)
  eden space 323520K,   0% used [0x00000000a0000000, 0x00000000a0000000, 0x00000000b3bf0000)
  from space 40384K, 100% used [0x00000000b6360000, 0x00000000b8ad0000, 0x00000000b8ad0000)
  to   space 40384K,   0% used [0x00000000b3bf0000, 0x00000000b3bf0000, 0x00000000b6360000)
 tenured generation   total 811956K, used 811838K [0x00000000c0000000, 0x00000000f18ed000, 0x0000000100000000)
   the space 811956K,  99% used [0x00000000c0000000, 0x00000000f18cfbf0, 0x00000000f18cfc00, 0x00000000f18ed000)
 Metaspace       used 76285K, committed 76928K, reserved 1122304K
  class space    used 10080K, committed 10368K, reserved 1048576K
}
Event: 388890.545 GC heap before
{Heap before GC invocations=12720 (full 9):
 def new generation   total 363904K, used 40384K [0x00000000a0000000, 0x00000000b8ad0000, 0x00000000c0000000)
  eden space 323520K,   0% used [0x00000000a0000000, 0x00000000a0000000, 0x00000000b3bf0000)
  from space 40384K, 100% used [0x00000000b6360000, 0x00000000b8ad0000, 0x00000000b8ad0000)
  to   space 40384K,   0% used [0x00000000b3bf0000, 0x00000000b3bf0000, 0x00000000b6360000)
 tenured generation   total 811956K, used 811838K [0x00000000c0000000, 0x00000000f18ed000, 0x0000000100000000)
   the space 811956K,  99% used [0x00000000c0000000, 0x00000000f18cfbf0, 0x00000000f18cfc00, 0x00000000f18ed000)
 Metaspace       used 76285K, committed 76928K, reserved 1122304K
  class space    used 10080K, committed 10368K, reserved 1048576K
}

